 
============================================== 
Gold Trading Bot Run 
Started: 11-01-2026 12:51:39.73 
============================================== 
 
[*] Running bot... 
[+] Bot initialized successfully

======================================================================
[*] GOLD TRADING BOT CYCLE - 2026-01-11 12:51:48
======================================================================

[*] Updating data...
  [*] Updating GLD data...

============================================================
[*] Starting GLD data update...
============================================================
[*] Fetching GLD data from 2025-01-11 to 2026-01-11...
[+] Downloaded 0 records
[*] Columns: ['date', 'adj close', 'close', 'high', 'low', 'open', 'volume']

[*] Data structure:
Empty DataFrame
Columns: [date, adj close, close, high, low, open, volume]
Index: []
[*] Cleaning GLD data...
[+] Removed duplicates: 0 records remain
[+] Removed NaN rows: 0 records remain
[*] Calculating technical indicators...
[+] SMA_20 calculated
[+] SMA_50 calculated
[+] RSI calculated
[+] Daily_Return calculated
[+] Removed NaN from indicators: 0 records remain
[+] Data cleaning complete: 0 rows
[+] Data saved to data/gld_data.csv

[+] Successfully updated GLD data (0 records)
[+] Date range: NaT to NaT
============================================================

  [*] Fetching market news...

======================================================================
[*] FETCHING MARKET NEWS
======================================================================
[*] Start time: 2026-01-11 12:51:54
[-] NewsAPI key not configured. Using sample news data...
[*] Returning sample news data...
[*] Processing 3 articles...
[+] Processed 3 articles into DataFrame
[+] News data saved to data/market_news.csv
======================================================================
[+] Data updated successfully
[*] Running backtest analysis...
[*] Generating rule-based signals...
[+] Generated signals: 0 BUY, 0 SELL
[-] Error: single positional indexer is out-of-bounds
 
[-] Bot failed with exit code 1 at 12:52:15.39 
============================================== 
 
