 
============================================== 
Gold Trading Bot Run 
Started: 10-01-2026 19:41:19.33 
============================================== 
 
[*] Running bot... 
[+] Bot initialized successfully

======================================================================
[*] GOLD TRADING BOT CYCLE - 2026-01-10 19:41:20
======================================================================

[*] Updating data...
  [*] Updating GLD data...

============================================================
[*] Starting GLD data update...
============================================================
[*] Fetching GLD data from 2025-01-10 to 2026-01-10...
[+] Downloaded 251 records
[*] Columns: ['date', 'close', 'high', 'low', 'open', 'volume']

[*] Data structure:
Price       date       close        high         low        open    volume
0     2025-01-10  248.210007  249.039993  247.550003  248.009995  12380100
1     2025-01-13  245.740005  246.789993  245.149994  246.339996   8448600
[*] Cleaning GLD data...
[+] Removed duplicates: 251 records remain
[+] Removed NaN rows: 251 records remain
[*] Calculating technical indicators...
[+] SMA_20 calculated
[+] SMA_50 calculated
[+] RSI calculated
[+] Daily_Return calculated
[+] Removed NaN from indicators: 202 records remain
[+] Data cleaning complete: 202 rows
[+] Data saved to data/gld_data.csv

[+] Successfully updated GLD data (202 records)
[+] Date range: 2025-03-24 00:00:00 to 2026-01-09 00:00:00
============================================================

  [*] Fetching market news...

======================================================================
[*] FETCHING MARKET NEWS
======================================================================
[*] Start time: 2026-01-10 19:41:21
[-] NewsAPI key not configured. Using sample news data...
[*] Returning sample news data...
[*] Processing 3 articles...
[+] Processed 3 articles into DataFrame
[+] News data saved to data/market_news.csv
======================================================================
[+] Data updated successfully
[*] Running backtest analysis...
[*] Generating rule-based signals...
[+] Generated signals: 26 BUY, 0 SELL
[-] Error: 'charmap' codec can't encode character '\u20b9' in position 27: character maps to <undefined>
 
[-] Bot failed with exit code 1 at 19:41:26.34 
============================================== 
 
