2026-01-10 19:28:12,703 - ERROR - Fatal error: 'email_alerts'
2026-01-10 19:28:36,293 - INFO - Initialized PaperTradingEngine with alpaca API
2026-01-10 19:28:36,293 - INFO - Bot initialized successfully
2026-01-10 19:28:37,582 - INFO - Fetched 251 records for GLD
2026-01-10 19:28:37,593 - INFO - Cleaned GLD data: 202 rows
2026-01-10 19:28:37,597 - INFO - Saved GLD data to data/gld_data.csv
2026-01-10 19:28:37,598 - INFO - Market data updated
2026-01-10 19:28:37,634 - INFO - Signals: 26 BUY, 0 SELL
2026-01-10 19:28:37,634 - INFO - BUY signal: 414.4700012207031
2026-01-10 19:28:37,634 - INFO - BUY order placed: GLD x100 @ 414.4700012207031
2026-01-10 19:28:38,318 - ERROR - Failed to send message: {"ok":false,"error_code":404,"description":"Not Found"}
2026-01-10 19:28:40,374 - ERROR - Error sending email: (535, b'5.7.8 Username and Password not accepted. For more information, go to\n5.7.8  https://support.google.com/mail/?p=BadCredentials 98e67ed59e1d1-34f6b95a0b4sm3709640a91.10 - gsmtp')
2026-01-10 19:28:40,374 - INFO - BUY trade executed: 100 units @ 414.4700012207031
2026-01-10 19:28:40,380 - INFO - Loaded 8 trades from results/backtest_trades_rulebased.csv
2026-01-10 19:28:40,382 - INFO - Calculated metrics: {'Total Trades': 8, 'Winning Trades': 5, 'Losing Trades': 3, 'Win Rate (%)': 62.5, 'Total P&L': np.float64(2336.0), 'Avg Win': np.float64(1137.0), 'Avg Loss': np.float64(-1116.33), 'Largest Win': np.float64(1512.0), 'Largest Loss': np.float64(-1434.0), 'Profit Factor': np.float64(1.7), 'Expectancy': np.float64(292.0), 'Max Win Streak': 2, 'Max Loss Streak': 1, 'Recovery Factor': np.float64(1.63)}
2026-01-10 19:28:40,384 - INFO - Calculated metrics: {'Total Trades': 8, 'Winning Trades': 5, 'Losing Trades': 3, 'Win Rate (%)': 62.5, 'Total P&L': np.float64(2336.0), 'Avg Win': np.float64(1137.0), 'Avg Loss': np.float64(-1116.33), 'Largest Win': np.float64(1512.0), 'Largest Loss': np.float64(-1434.0), 'Profit Factor': np.float64(1.7), 'Expectancy': np.float64(292.0), 'Max Win Streak': 2, 'Max Loss Streak': 1, 'Recovery Factor': np.float64(1.63)}
2026-01-10 19:28:40,386 - ERROR - Error generating HTML report: 'charmap' codec can't encode character '\U0001f3c6' in position 3803: character maps to <undefined>
2026-01-10 19:28:40,386 - INFO - Account Summary: {'initial_capital': 100000, 'current_balance': np.float64(58553.0), 'total_realized_pnl': 0, 'total_trades': 0, 'winning_trades': 0, 'losing_trades': 0, 'win_rate': 0, 'open_positions': 1, 'timestamp': '2026-01-10T19:28:40.386128'}
2026-01-10 19:28:42,395 - ERROR - Error sending email: (535, b'5.7.8 Username and Password not accepted. For more information, go to\n5.7.8  https://support.google.com/mail/?p=BadCredentials 41be03b00d2f7-c4cbfd27953sm13101433a12.11 - gsmtp')
2026-01-10 19:28:43,053 - ERROR - Failed to send message: {"ok":false,"error_code":404,"description":"Not Found"}
2026-01-10 19:28:43,054 - INFO - Bot cycle completed successfully
2026-01-10 19:33:00,901 - INFO - Initialized PaperTradingEngine with alpaca API
2026-01-10 19:33:00,901 - INFO - Bot initialized successfully
2026-01-10 19:33:01,826 - INFO - Fetched 251 records for GLD
2026-01-10 19:33:01,837 - INFO - Cleaned GLD data: 202 rows
2026-01-10 19:33:01,841 - INFO - Saved GLD data to data/gld_data.csv
2026-01-10 19:33:01,842 - INFO - Market data updated
2026-01-10 19:33:01,880 - INFO - Signals: 26 BUY, 0 SELL
2026-01-10 19:33:01,881 - INFO - BUY signal: 414.4700012207031
2026-01-10 19:33:01,881 - INFO - BUY order placed: GLD x100 @ 414.4700012207031
2026-01-10 19:33:02,694 - ERROR - Failed to send message: {"ok":false,"error_code":404,"description":"Not Found"}
2026-01-10 19:33:06,170 - INFO - Email sent: \U0001f3c6 Trade Alert - BUY Signal
2026-01-10 19:33:06,170 - INFO - BUY trade executed: 100 units @ 414.4700012207031
2026-01-10 19:33:06,184 - INFO - Loaded 8 trades from results/backtest_trades_rulebased.csv
2026-01-10 19:33:06,186 - INFO - Calculated metrics: {'Total Trades': 8, 'Winning Trades': 5, 'Losing Trades': 3, 'Win Rate (%)': 62.5, 'Total P&L': np.float64(2336.0), 'Avg Win': np.float64(1137.0), 'Avg Loss': np.float64(-1116.33), 'Largest Win': np.float64(1512.0), 'Largest Loss': np.float64(-1434.0), 'Profit Factor': np.float64(1.7), 'Expectancy': np.float64(292.0), 'Max Win Streak': 2, 'Max Loss Streak': 1, 'Recovery Factor': np.float64(1.63)}
2026-01-10 19:33:06,189 - INFO - Calculated metrics: {'Total Trades': 8, 'Winning Trades': 5, 'Losing Trades': 3, 'Win Rate (%)': 62.5, 'Total P&L': np.float64(2336.0), 'Avg Win': np.float64(1137.0), 'Avg Loss': np.float64(-1116.33), 'Largest Win': np.float64(1512.0), 'Largest Loss': np.float64(-1434.0), 'Profit Factor': np.float64(1.7), 'Expectancy': np.float64(292.0), 'Max Win Streak': 2, 'Max Loss Streak': 1, 'Recovery Factor': np.float64(1.63)}
2026-01-10 19:33:06,191 - ERROR - Error generating HTML report: 'charmap' codec can't encode character '\U0001f3c6' in position 3803: character maps to <undefined>
2026-01-10 19:33:06,191 - INFO - Account Summary: {'initial_capital': 100000, 'current_balance': np.float64(58553.0), 'total_realized_pnl': 0, 'total_trades': 0, 'winning_trades': 0, 'losing_trades': 0, 'win_rate': 0, 'open_positions': 1, 'timestamp': '2026-01-10T19:33:06.191607'}
2026-01-10 19:33:09,514 - INFO - Email sent: \U0001f4ca Daily Summary - 2026-01-10
2026-01-10 19:33:10,157 - ERROR - Failed to send message: {"ok":false,"error_code":404,"description":"Not Found"}
2026-01-10 19:33:10,159 - INFO - Bot cycle completed successfully
2026-01-10 20:06:22,964 - INFO - Initialized PaperTradingEngine with alpaca API
2026-01-10 20:06:22,964 - INFO - Bot initialized successfully
2026-01-10 20:06:26,838 - INFO - Fetched 251 records for GLD
2026-01-10 20:06:26,849 - INFO - Cleaned GLD data: 202 rows
2026-01-10 20:06:26,854 - INFO - Saved GLD data to data/gld_data.csv
2026-01-10 20:06:26,854 - INFO - Market data updated
2026-01-10 20:06:26,887 - INFO - Signals: 26 BUY, 0 SELL
2026-01-10 20:06:26,887 - INFO - BUY signal: 414.4700012207031
2026-01-10 20:06:26,888 - INFO - BUY order placed: GLD x100 @ 414.4700012207031
2026-01-10 20:06:28,370 - INFO - Message sent successfully
2026-01-10 20:06:31,187 - ERROR - Error sending email: (535, b'5.7.8 Username and Password not accepted. For more information, go to\n5.7.8  https://support.google.com/mail/?p=BadCredentials d2e1a72fcca58-81e7fd708fdsm4270879b3a.65 - gsmtp')
2026-01-10 20:06:31,187 - INFO - BUY trade executed: 100 units @ 414.4700012207031
2026-01-10 20:06:31,193 - INFO - Loaded 8 trades from results/backtest_trades_rulebased.csv
2026-01-10 20:06:31,196 - INFO - Calculated metrics: {'Total Trades': 8, 'Winning Trades': 5, 'Losing Trades': 3, 'Win Rate (%)': 62.5, 'Total P&L': np.float64(2336.0), 'Avg Win': np.float64(1137.0), 'Avg Loss': np.float64(-1116.33), 'Largest Win': np.float64(1512.0), 'Largest Loss': np.float64(-1434.0), 'Profit Factor': np.float64(1.7), 'Expectancy': np.float64(292.0), 'Max Win Streak': 2, 'Max Loss Streak': 1, 'Recovery Factor': np.float64(1.63)}
2026-01-10 20:06:31,198 - INFO - Calculated metrics: {'Total Trades': 8, 'Winning Trades': 5, 'Losing Trades': 3, 'Win Rate (%)': 62.5, 'Total P&L': np.float64(2336.0), 'Avg Win': np.float64(1137.0), 'Avg Loss': np.float64(-1116.33), 'Largest Win': np.float64(1512.0), 'Largest Loss': np.float64(-1434.0), 'Profit Factor': np.float64(1.7), 'Expectancy': np.float64(292.0), 'Max Win Streak': 2, 'Max Loss Streak': 1, 'Recovery Factor': np.float64(1.63)}
2026-01-10 20:06:31,200 - INFO - HTML report generated: reports/performance_report.html
2026-01-10 20:06:31,200 - INFO - Account Summary: {'initial_capital': 100000, 'current_balance': np.float64(58553.0), 'total_realized_pnl': 0, 'total_trades': 0, 'winning_trades': 0, 'losing_trades': 0, 'win_rate': 0, 'open_positions': 1, 'timestamp': '2026-01-10T20:06:31.200317'}
2026-01-10 20:06:33,991 - ERROR - Error sending email: (535, b'5.7.8 Username and Password not accepted. For more information, go to\n5.7.8  https://support.google.com/mail/?p=BadCredentials d9443c01a7336-2a3e3cd2953sm129635375ad.86 - gsmtp')
2026-01-10 20:06:34,898 - INFO - Message sent successfully
2026-01-10 20:06:34,900 - INFO - Bot cycle completed successfully
2026-01-10 20:10:43,096 - INFO - Initialized PaperTradingEngine with alpaca API
2026-01-10 20:10:43,096 - INFO - Bot initialized successfully
2026-01-10 20:10:44,000 - INFO - Fetched 251 records for GLD
2026-01-10 20:10:44,012 - INFO - Cleaned GLD data: 202 rows
2026-01-10 20:10:44,016 - INFO - Saved GLD data to data/gld_data.csv
2026-01-10 20:10:44,017 - INFO - Market data updated
2026-01-10 20:10:44,048 - INFO - Signals: 26 BUY, 0 SELL
2026-01-10 20:10:44,048 - INFO - BUY signal: 414.4700012207031
2026-01-10 20:10:44,049 - INFO - BUY order placed: GLD x100 @ 414.4700012207031
2026-01-10 20:10:44,907 - INFO - Message sent successfully
2026-01-10 20:10:48,091 - INFO - Email sent: \U0001f3c6 Trade Alert - BUY Signal
2026-01-10 20:10:48,091 - INFO - BUY trade executed: 100 units @ 414.4700012207031
2026-01-10 20:10:48,106 - INFO - Loaded 8 trades from results/backtest_trades_rulebased.csv
2026-01-10 20:10:48,108 - INFO - Calculated metrics: {'Total Trades': 8, 'Winning Trades': 5, 'Losing Trades': 3, 'Win Rate (%)': 62.5, 'Total P&L': np.float64(2336.0), 'Avg Win': np.float64(1137.0), 'Avg Loss': np.float64(-1116.33), 'Largest Win': np.float64(1512.0), 'Largest Loss': np.float64(-1434.0), 'Profit Factor': np.float64(1.7), 'Expectancy': np.float64(292.0), 'Max Win Streak': 2, 'Max Loss Streak': 1, 'Recovery Factor': np.float64(1.63)}
2026-01-10 20:10:48,110 - INFO - Calculated metrics: {'Total Trades': 8, 'Winning Trades': 5, 'Losing Trades': 3, 'Win Rate (%)': 62.5, 'Total P&L': np.float64(2336.0), 'Avg Win': np.float64(1137.0), 'Avg Loss': np.float64(-1116.33), 'Largest Win': np.float64(1512.0), 'Largest Loss': np.float64(-1434.0), 'Profit Factor': np.float64(1.7), 'Expectancy': np.float64(292.0), 'Max Win Streak': 2, 'Max Loss Streak': 1, 'Recovery Factor': np.float64(1.63)}
2026-01-10 20:10:48,111 - INFO - HTML report generated: reports/performance_report.html
2026-01-10 20:10:48,112 - INFO - Account Summary: {'initial_capital': 100000, 'current_balance': np.float64(58553.0), 'total_realized_pnl': 0, 'total_trades': 0, 'winning_trades': 0, 'losing_trades': 0, 'win_rate': 0, 'open_positions': 1, 'timestamp': '2026-01-10T20:10:48.112136'}
2026-01-10 20:10:51,924 - INFO - Email sent: \U0001f4ca Daily Summary - 2026-01-10
2026-01-10 20:10:52,826 - INFO - Message sent successfully
2026-01-10 20:10:52,828 - INFO - Bot cycle completed successfully
