2026-01-09 01:51:10,746 - INFO - Fetched 250 records for GLD
2026-01-09 01:51:10,746 - ERROR - Error cleaning GLD data: Index(['timestamp'], dtype='object')
2026-01-09 01:55:15,373 - INFO - Fetched 250 records for GLD
2026-01-09 01:55:15,394 - INFO - Cleaned GLD data: 201 rows
2026-01-09 01:55:15,403 - INFO - Saved GLD data to data/gld_data.csv
2026-01-10 19:21:36,966 - INFO - Fetched 251 records for GLD
2026-01-10 19:21:36,988 - INFO - Cleaned GLD data: 202 rows
2026-01-10 19:21:37,002 - INFO - Saved GLD data to data/gld_data.csv
2026-01-10 19:41:20,167 - INFO - Initialized PaperTradingEngine with alpaca API
2026-01-10 19:41:20,167 - INFO - Bot initialized successfully
2026-01-10 19:41:21,012 - INFO - Fetched 251 records for GLD
2026-01-10 19:41:21,025 - INFO - Cleaned GLD data: 202 rows
2026-01-10 19:41:21,029 - INFO - Saved GLD data to data/gld_data.csv
2026-01-10 19:41:21,029 - WARNING - NewsAPI key not configured. Using sample data.
2026-01-10 19:41:25,409 - INFO - Saved 3 news articles to data/market_news.csv
2026-01-10 19:41:25,410 - INFO - Data updated successfully
2026-01-10 19:41:25,435 - INFO - Signals: 26 BUY, 0 SELL
2026-01-10 19:41:25,435 - ERROR - Error in backtest: 'charmap' codec can't encode character '\u20b9' in position 27: character maps to <undefined>
2026-01-10 19:41:26,097 - ERROR - Failed to send message: {"ok":false,"error_code":404,"description":"Not Found"}
2026-01-10 19:42:34,440 - INFO - Initialized PaperTradingEngine with alpaca API
2026-01-10 19:42:34,440 - INFO - Bot initialized successfully
2026-01-10 19:42:35,333 - INFO - Fetched 251 records for GLD
2026-01-10 19:42:35,343 - INFO - Cleaned GLD data: 202 rows
2026-01-10 19:42:35,347 - INFO - Saved GLD data to data/gld_data.csv
2026-01-10 19:42:35,347 - WARNING - NewsAPI key not configured. Using sample data.
2026-01-10 19:42:36,198 - INFO - Saved 3 news articles to data/market_news.csv
2026-01-10 19:42:36,198 - INFO - Data updated successfully
2026-01-10 19:42:36,225 - INFO - Signals: 26 BUY, 0 SELL
2026-01-10 19:42:36,225 - ERROR - Error in backtest: 'charmap' codec can't encode character '\u20b9' in position 27: character maps to <undefined>
2026-01-10 19:42:36,986 - ERROR - Failed to send message: {"ok":false,"error_code":404,"description":"Not Found"}
2026-01-10 19:51:08,169 - INFO - Initialized PaperTradingEngine with alpaca API
2026-01-10 19:51:08,169 - INFO - Bot initialized successfully
2026-01-10 19:51:08,873 - INFO - Fetched 251 records for GLD
2026-01-10 19:51:08,882 - INFO - Cleaned GLD data: 202 rows
2026-01-10 19:51:08,886 - INFO - Saved GLD data to data/gld_data.csv
2026-01-10 19:51:08,887 - WARNING - NewsAPI key not configured. Using sample data.
2026-01-10 19:51:09,791 - INFO - Saved 3 news articles to data/market_news.csv
2026-01-10 19:51:09,791 - INFO - Data updated successfully
2026-01-10 19:51:09,817 - INFO - Signals: 26 BUY, 0 SELL
2026-01-10 19:51:09,818 - ERROR - Error in backtest: 'charmap' codec can't encode character '\u20b9' in position 27: character maps to <undefined>
2026-01-10 19:51:10,701 - INFO - Message sent successfully
2026-01-11 12:51:48,896 - INFO - Initialized PaperTradingEngine with alpaca API
2026-01-11 12:51:48,897 - INFO - Bot initialized successfully
2026-01-11 12:51:54,374 - ERROR - 
1 Failed download:
2026-01-11 12:51:54,374 - ERROR - ['GLD']: TypeError("'NoneType' object is not subscriptable")
2026-01-11 12:51:54,400 - INFO - Fetched 0 records for GLD
2026-01-11 12:51:54,423 - INFO - Cleaned GLD data: 0 rows
2026-01-11 12:51:54,436 - INFO - Saved GLD data to data/gld_data.csv
2026-01-11 12:51:54,437 - WARNING - NewsAPI key not configured. Using sample data.
2026-01-11 12:52:15,007 - INFO - Saved 3 news articles to data/market_news.csv
2026-01-11 12:52:15,007 - INFO - Data updated successfully
2026-01-11 12:52:15,026 - INFO - Signals: 0 BUY, 0 SELL
2026-01-11 12:52:15,027 - ERROR - Error in backtest: single positional indexer is out-of-bounds
2026-01-11 12:52:15,045 - ERROR - Error sending message: HTTPSConnectionPool(host='api.telegram.org', port=443): Max retries exceeded with url: /bot8553846324:AAFYGH0dqjqimYDsAdKWwnRBYs-GMc-D5pU/sendMessage (Caused by NameResolutionError("HTTPSConnection(host='api.telegram.org', port=443): Failed to resolve 'api.telegram.org' ([Errno 11002] getaddrinfo failed)"))
2026-01-12 09:00:08,922 - INFO - Initialized PaperTradingEngine with alpaca API
2026-01-12 09:00:08,922 - INFO - Bot initialized successfully
2026-01-12 09:00:11,825 - INFO - Fetched 250 records for GLD
2026-01-12 09:00:11,845 - INFO - Cleaned GLD data: 201 rows
2026-01-12 09:00:11,857 - INFO - Saved GLD data to data/gld_data.csv
2026-01-12 09:00:11,857 - WARNING - NewsAPI key not configured. Using sample data.
2026-01-12 09:00:23,997 - INFO - Saved 3 news articles to data/market_news.csv
2026-01-12 09:00:23,997 - INFO - Data updated successfully
2026-01-12 09:00:24,023 - INFO - Signals: 26 BUY, 0 SELL
2026-01-12 09:00:24,023 - ERROR - Error in backtest: 'charmap' codec can't encode character '\u20b9' in position 27: character maps to <undefined>
2026-01-12 09:00:24,894 - INFO - Message sent successfully
